mode: set
github.com/rafaelzasas/rpiSystemMonitor/mem/mem.go:10.42,13.16 3 1
github.com/rafaelzasas/rpiSystemMonitor/mem/mem.go:16.2,18.18 3 1
github.com/rafaelzasas/rpiSystemMonitor/mem/mem.go:13.16,15.3 1 0
github.com/rafaelzasas/rpiSystemMonitor/mem/mem.go:22.42,25.16 3 1
github.com/rafaelzasas/rpiSystemMonitor/mem/mem.go:28.2,30.18 3 1
github.com/rafaelzasas/rpiSystemMonitor/mem/mem.go:25.16,27.3 1 0
github.com/rafaelzasas/rpiSystemMonitor/mem/mem.go:34.43,37.16 3 0
github.com/rafaelzasas/rpiSystemMonitor/mem/mem.go:40.2,40.25 1 0
github.com/rafaelzasas/rpiSystemMonitor/mem/mem.go:37.16,39.3 1 0
github.com/rafaelzasas/rpiSystemMonitor/mem/mem.go:44.43,47.16 3 0
github.com/rafaelzasas/rpiSystemMonitor/mem/mem.go:50.2,50.25 1 0
github.com/rafaelzasas/rpiSystemMonitor/mem/mem.go:47.16,49.3 1 0
github.com/rafaelzasas/rpiSystemMonitor/cpu/cpu.go:13.42,16.16 3 0
github.com/rafaelzasas/rpiSystemMonitor/cpu/cpu.go:19.2,21.18 3 0
github.com/rafaelzasas/rpiSystemMonitor/cpu/cpu.go:16.16,18.3 1 0
github.com/rafaelzasas/rpiSystemMonitor/cpu/cpu.go:25.42,28.16 3 0
github.com/rafaelzasas/rpiSystemMonitor/cpu/cpu.go:31.2,33.18 3 0
github.com/rafaelzasas/rpiSystemMonitor/cpu/cpu.go:28.16,30.3 1 0
github.com/rafaelzasas/rpiSystemMonitor/main.go:15.57,17.16 2 0
github.com/rafaelzasas/rpiSystemMonitor/main.go:21.2,21.32 1 0
github.com/rafaelzasas/rpiSystemMonitor/main.go:17.16,20.3 2 0
github.com/rafaelzasas/rpiSystemMonitor/main.go:24.57,26.16 2 0
github.com/rafaelzasas/rpiSystemMonitor/main.go:30.2,30.32 1 0
github.com/rafaelzasas/rpiSystemMonitor/main.go:26.16,29.3 2 0
github.com/rafaelzasas/rpiSystemMonitor/main.go:33.60,35.16 2 0
github.com/rafaelzasas/rpiSystemMonitor/main.go:39.2,39.32 1 0
github.com/rafaelzasas/rpiSystemMonitor/main.go:35.16,38.3 2 0
github.com/rafaelzasas/rpiSystemMonitor/main.go:42.60,44.16 2 0
github.com/rafaelzasas/rpiSystemMonitor/main.go:48.2,48.32 1 0
github.com/rafaelzasas/rpiSystemMonitor/main.go:44.16,47.3 2 0
github.com/rafaelzasas/rpiSystemMonitor/main.go:51.57,53.16 2 0
github.com/rafaelzasas/rpiSystemMonitor/main.go:57.2,57.32 1 0
github.com/rafaelzasas/rpiSystemMonitor/main.go:53.16,56.3 2 0
github.com/rafaelzasas/rpiSystemMonitor/main.go:60.57,62.16 2 0
github.com/rafaelzasas/rpiSystemMonitor/main.go:66.2,66.32 1 0
github.com/rafaelzasas/rpiSystemMonitor/main.go:62.16,65.3 2 0
github.com/rafaelzasas/rpiSystemMonitor/main.go:69.60,71.16 2 0
github.com/rafaelzasas/rpiSystemMonitor/main.go:75.2,75.32 1 0
github.com/rafaelzasas/rpiSystemMonitor/main.go:71.16,74.3 2 0
github.com/rafaelzasas/rpiSystemMonitor/main.go:79.55,80.71 1 0
github.com/rafaelzasas/rpiSystemMonitor/main.go:80.71,84.3 3 0
github.com/rafaelzasas/rpiSystemMonitor/main.go:87.23,103.2 10 0
github.com/rafaelzasas/rpiSystemMonitor/main.go:105.13,107.2 1 0
github.com/rafaelzasas/rpiSystemMonitor/cpu/cpu.go:13.42,16.16 3 1
github.com/rafaelzasas/rpiSystemMonitor/cpu/cpu.go:19.2,21.18 3 1
github.com/rafaelzasas/rpiSystemMonitor/cpu/cpu.go:16.16,18.3 1 0
github.com/rafaelzasas/rpiSystemMonitor/cpu/cpu.go:25.42,28.16 3 1
github.com/rafaelzasas/rpiSystemMonitor/cpu/cpu.go:31.2,33.18 3 1
github.com/rafaelzasas/rpiSystemMonitor/cpu/cpu.go:28.16,30.3 1 0
github.com/rafaelzasas/rpiSystemMonitor/mem/mem.go:10.42,13.16 3 0
github.com/rafaelzasas/rpiSystemMonitor/mem/mem.go:16.2,18.18 3 0
github.com/rafaelzasas/rpiSystemMonitor/mem/mem.go:13.16,15.3 1 0
github.com/rafaelzasas/rpiSystemMonitor/mem/mem.go:22.42,25.16 3 0
github.com/rafaelzasas/rpiSystemMonitor/mem/mem.go:28.2,30.18 3 0
github.com/rafaelzasas/rpiSystemMonitor/mem/mem.go:25.16,27.3 1 0
github.com/rafaelzasas/rpiSystemMonitor/mem/mem.go:34.43,37.16 3 0
github.com/rafaelzasas/rpiSystemMonitor/mem/mem.go:40.2,40.25 1 0
github.com/rafaelzasas/rpiSystemMonitor/mem/mem.go:37.16,39.3 1 0
github.com/rafaelzasas/rpiSystemMonitor/mem/mem.go:44.43,47.16 3 0
github.com/rafaelzasas/rpiSystemMonitor/mem/mem.go:50.2,50.25 1 0
github.com/rafaelzasas/rpiSystemMonitor/mem/mem.go:47.16,49.3 1 0
github.com/rafaelzasas/rpiSystemMonitor/main.go:15.57,17.16 2 0
github.com/rafaelzasas/rpiSystemMonitor/main.go:21.2,21.32 1 0
github.com/rafaelzasas/rpiSystemMonitor/main.go:17.16,20.3 2 0
github.com/rafaelzasas/rpiSystemMonitor/main.go:24.57,26.16 2 0
github.com/rafaelzasas/rpiSystemMonitor/main.go:30.2,30.32 1 0
github.com/rafaelzasas/rpiSystemMonitor/main.go:26.16,29.3 2 0
github.com/rafaelzasas/rpiSystemMonitor/main.go:33.60,35.16 2 0
github.com/rafaelzasas/rpiSystemMonitor/main.go:39.2,39.32 1 0
github.com/rafaelzasas/rpiSystemMonitor/main.go:35.16,38.3 2 0
github.com/rafaelzasas/rpiSystemMonitor/main.go:42.60,44.16 2 0
github.com/rafaelzasas/rpiSystemMonitor/main.go:48.2,48.32 1 0
github.com/rafaelzasas/rpiSystemMonitor/main.go:44.16,47.3 2 0
github.com/rafaelzasas/rpiSystemMonitor/main.go:51.57,53.16 2 0
github.com/rafaelzasas/rpiSystemMonitor/main.go:57.2,57.32 1 0
github.com/rafaelzasas/rpiSystemMonitor/main.go:53.16,56.3 2 0
github.com/rafaelzasas/rpiSystemMonitor/main.go:60.57,62.16 2 0
github.com/rafaelzasas/rpiSystemMonitor/main.go:66.2,66.32 1 0
github.com/rafaelzasas/rpiSystemMonitor/main.go:62.16,65.3 2 0
github.com/rafaelzasas/rpiSystemMonitor/main.go:69.60,71.16 2 0
github.com/rafaelzasas/rpiSystemMonitor/main.go:75.2,75.32 1 0
github.com/rafaelzasas/rpiSystemMonitor/main.go:71.16,74.3 2 0
github.com/rafaelzasas/rpiSystemMonitor/main.go:79.55,80.71 1 0
github.com/rafaelzasas/rpiSystemMonitor/main.go:80.71,84.3 3 0
github.com/rafaelzasas/rpiSystemMonitor/main.go:87.23,103.2 10 0
github.com/rafaelzasas/rpiSystemMonitor/main.go:105.13,107.2 1 0
